2025-09-05 19:50:34,963 - MMSA [INFO] - ======================================== Program Start ========================================
2025-09-05 19:50:35,147 - MMSA [INFO] - Running with args:
2025-09-05 19:50:35,148 - MMSA [INFO] - {'model_name': 'tetfn', 'dataset_name': 'mosi', 'featurePath': 'data/MOSI/Processed/aligned_50.pkl', 'seq_lens': [50, 50, 50], 'feature_dims': [768, 5, 20], 'train_samples': 1284, 'num_classes': 3, 'language': 'en', 'KeyEval': 'Loss', 'missing_rate': [0.2, 0.2, 0.2], 'missing_seed': [1111, 1111, 1111], 'need_data_aligned': True, 'need_model_aligned': True, 'need_normalized': False, 'use_bert': True, 'use_finetune': True, 'save_labels': False, 'early_stop': 8, 'update_epochs': 4, 'batch_size': 64, 'transformers': 'bert', 'pretrained': 'bert-base-uncased', 'a_lstm_hidden_size': 16, 'a_lstm_layers': 1, 'a_lstm_dropout': 0.0, 'v_lstm_hidden_size': 64, 'v_lstm_layers': 1, 'v_lstm_dropout': 0.0, 'conv1d_kernel_size_l': 1, 'conv1d_kernel_size_a': 1, 'conv1d_kernel_size_v': 3, 'dst_feature_dims': 50, 'nheads': 5, 'attn_dropout': 0.1, 'attn_dropout_a': 0.0, 'attn_dropout_v': 0.1, 'relu_dropout': 0.0, 'embed_dropout': 0.0, 'res_dropout': 0.1, 'post_fusion_dropout': 0.0, 'post_fusion_dim': 64, 'post_text_dropout': 0.0, 'post_text_dim': 32, 'post_audio_dropout': 0.0, 'post_audio_dim': 32, 'post_video_dropout': 0.0, 'post_video_dim': 16, 'excludeZero': True, 'H': 3, 'decay': False, 'weight_decay_bert': 0.001, 'learning_rate_bert': 3e-05, 'weight_decay_audio': 0.01, 'use_info_bottleneck': True, 'use_text_debias': True, 'bottleneck_dim': 25, 'info_bottleneck_beta': 0.001, 'info_bottleneck_dropout': 0.1, 'debias_model_dim': 128, 'debias_num_heads': 8, 'debias_num_layers': 2, 'debias_dropout': 0.1, 'debias_confounder_size': 50, 'use_kmeans_init': False, 'info_bottleneck_weight': 0.1, 'weight_decay_video': 0.0, 'weight_decay_other': 0.01, 'learning_rate_audio': 0.0005, 'learning_rate_video': 0.0003, 'learning_rate_other': 0.0003, 'model_save_path': PosixPath('save_models/tetfn-mosi.pth'), 'device': device(type='cuda', index=0), 'train_mode': 'regression', 'custom_feature': None, 'feature_T': None, 'feature_A': None, 'feature_V': None}
2025-09-05 19:50:35,148 - MMSA [INFO] - Seeds: [1111]
2025-09-05 19:50:35,157 - MMSA [INFO] - ------------------------------ Running with seed 1111 [1/1] ------------------------------
2025-09-05 19:50:36,770 - MMSA [INFO] - train samples: (1284,)
2025-09-05 19:50:38,019 - MMSA [INFO] - valid samples: (229,)
2025-09-05 19:50:39,676 - MMSA [INFO] - test samples: (686,)
2025-09-05 19:50:42,819 - MMSA [INFO] - The model has 110736464 trainable parameters
2025-09-05 19:50:42,831 - MMSA [INFO] - Init labels
2025-09-05 19:50:42,996 - MMSA [INFO] - Start training
2025-09-05 19:50:48,728 - MMSA [INFO] - M: >>  Has0_acc_2: 0.5701  Has0_F1_score: 0.4140  Non0_acc_2: 0.5516  Non0_F1_score: 0.3922  Mult_acc_5: 0.1931  Mult_acc_7: 0.1931  MAE: 1.3079  Corr: 0.1398 
2025-09-05 19:50:48,732 - MMSA [INFO] - T: >>  Has0_acc_2: 0.4299  Has0_F1_score: 0.2585  Non0_acc_2: 0.4484  Non0_F1_score: 0.2777  Mult_acc_5: 0.1931  Mult_acc_7: 0.1931  MAE: 1.3542  Corr: -0.0330 
2025-09-05 19:50:48,736 - MMSA [INFO] - A: >>  Has0_acc_2: 0.5701  Has0_F1_score: 0.4140  Non0_acc_2: 0.5516  Non0_F1_score: 0.3922  Mult_acc_5: 0.1931  Mult_acc_7: 0.1931  MAE: 1.3258  Corr: 0.0165 
2025-09-05 19:50:48,740 - MMSA [INFO] - V: >>  Has0_acc_2: 0.4299  Has0_F1_score: 0.2585  Non0_acc_2: 0.4484  Non0_F1_score: 0.2777  Mult_acc_5: 0.1931  Mult_acc_7: 0.1931  MAE: 1.3383  Corr: 0.0114 
2025-09-05 19:50:41,378 - MMSA [INFO] - VAL-(tetfn) >> loss: 1.3844 
2025-09-05 19:50:41,383 - MMSA [INFO] - M: >>  Has0_acc_2: 0.5983  Has0_F1_score: 0.4479  Non0_acc_2: 0.5741  Non0_F1_score: 0.4187  Mult_acc_5: 0.2140  Mult_acc_7: 0.2140  MAE: 1.3745  Corr: 0.4814 
2025-09-05 19:50:48,671 - MMSA [INFO] - M: >>  Has0_acc_2: 0.6238  Has0_F1_score: 0.5357  Non0_acc_2: 0.6084  Non0_F1_score: 0.5190  Mult_acc_5: 0.2142  Mult_acc_7: 0.2142  MAE: 1.2218  Corr: 0.5587 
2025-09-05 19:50:48,675 - MMSA [INFO] - T: >>  Has0_acc_2: 0.4299  Has0_F1_score: 0.2585  Non0_acc_2: 0.4484  Non0_F1_score: 0.2777  Mult_acc_5: 0.1931  Mult_acc_7: 0.1931  MAE: 1.3565  Corr: -0.2966 
2025-09-05 19:50:48,679 - MMSA [INFO] - A: >>  Has0_acc_2: 0.5701  Has0_F1_score: 0.4140  Non0_acc_2: 0.5516  Non0_F1_score: 0.3922  Mult_acc_5: 0.1931  Mult_acc_7: 0.1931  MAE: 1.3259  Corr: 0.0257 
2025-09-05 19:50:48,683 - MMSA [INFO] - V: >>  Has0_acc_2: 0.4299  Has0_F1_score: 0.2585  Non0_acc_2: 0.4484  Non0_F1_score: 0.2777  Mult_acc_5: 0.1931  Mult_acc_7: 0.1931  MAE: 1.3383  Corr: 0.0206 
2025-09-05 19:50:49,123 - MMSA [INFO] - VAL-(tetfn) >> loss: 1.2152 
2025-09-05 19:50:49,127 - MMSA [INFO] - M: >>  Has0_acc_2: 0.7686  Has0_F1_score: 0.7698  Non0_acc_2: 0.8009  Non0_F1_score: 0.8005  Mult_acc_5: 0.2620  Mult_acc_7: 0.2620  MAE: 1.2261  Corr: 0.6445 
2025-09-05 19:50:55,699 - MMSA [INFO] - M: >>  Has0_acc_2: 0.8146  Has0_F1_score: 0.8147  Non0_acc_2: 0.8286  Non0_F1_score: 0.8282  Mult_acc_5: 0.2516  Mult_acc_7: 0.2516  MAE: 1.0331  Corr: 0.7022 
2025-09-05 19:50:55,703 - MMSA [INFO] - T: >>  Has0_acc_2: 0.4634  Has0_F1_score: 0.2935  Non0_acc_2: 0.4634  Non0_F1_score: 0.2935  Mult_acc_5: 0.2430  Mult_acc_7: 0.2430  MAE: 1.2998  Corr: -0.5057 
2025-09-05 19:50:55,706 - MMSA [INFO] - A: >>  Has0_acc_2: 0.5537  Has0_F1_score: 0.3947  Non0_acc_2: 0.5537  Non0_F1_score: 0.3947  Mult_acc_5: 0.3162  Mult_acc_7: 0.3162  MAE: 1.1055  Corr: 0.1046 
2025-09-05 19:50:55,712 - MMSA [INFO] - V: >>  Has0_acc_2: 0.4385  Has0_F1_score: 0.2673  Non0_acc_2: 0.4385  Non0_F1_score: 0.2673  Mult_acc_5: 0.3162  Mult_acc_7: 0.3162  MAE: 1.0697  Corr: 0.0473 
2025-09-05 19:50:56,220 - MMSA [INFO] - VAL-(tetfn) >> loss: 1.0323 
2025-09-05 19:50:56,224 - MMSA [INFO] - M: >>  Has0_acc_2: 0.8079  Has0_F1_score: 0.8087  Non0_acc_2: 0.8380  Non0_F1_score: 0.8376  Mult_acc_5: 0.2707  Mult_acc_7: 0.2707  MAE: 1.0361  Corr: 0.6886 
2025-09-05 19:51:09,415 - MMSA [INFO] - M: >>  Has0_acc_2: 0.8575  Has0_F1_score: 0.8582  Non0_acc_2: 0.8790  Non0_F1_score: 0.8792  Mult_acc_5: 0.3224  Mult_acc_7: 0.3217  MAE: 0.8152  Corr: 0.7728 
2025-09-05 19:51:09,419 - MMSA [INFO] - T: >>  Has0_acc_2: 0.4416  Has0_F1_score: 0.2705  Non0_acc_2: 0.4416  Non0_F1_score: 0.2705  Mult_acc_5: 0.2679  Mult_acc_7: 0.2679  MAE: 1.1375  Corr: -0.5514 
2025-09-05 19:51:09,423 - MMSA [INFO] - A: >>  Has0_acc_2: 0.5662  Has0_F1_score: 0.4094  Non0_acc_2: 0.5662  Non0_F1_score: 0.4094  Mult_acc_5: 0.4174  Mult_acc_7: 0.4174  MAE: 0.8103  Corr: 0.1304 
2025-09-05 19:51:09,427 - MMSA [INFO] - V: >>  Has0_acc_2: 0.4385  Has0_F1_score: 0.2673  Non0_acc_2: 0.4385  Non0_F1_score: 0.2673  Mult_acc_5: 0.4050  Mult_acc_7: 0.4050  MAE: 0.7955  Corr: 0.0228 
2025-09-05 19:51:09,837 - MMSA [INFO] - VAL-(tetfn) >> loss: 0.9346 
2025-09-05 19:51:09,841 - MMSA [INFO] - M: >>  Has0_acc_2: 0.8122  Has0_F1_score: 0.8132  Non0_acc_2: 0.8426  Non0_F1_score: 0.8424  Mult_acc_5: 0.4061  Mult_acc_7: 0.3319  MAE: 0.9249  Corr: 0.7153 
2025-09-05 19:51:16,672 - MMSA [INFO] - M: >>  Has0_acc_2: 0.8676  Has0_F1_score: 0.8682  Non0_acc_2: 0.8911  Non0_F1_score: 0.8914  Mult_acc_5: 0.4626  Mult_acc_7: 0.4338  MAE: 0.6922  Corr: 0.8087 
2025-09-05 19:51:16,676 - MMSA [INFO] - T: >>  Has0_acc_2: 0.4618  Has0_F1_score: 0.2918  Non0_acc_2: 0.4618  Non0_F1_score: 0.2918  Mult_acc_5: 0.2866  Mult_acc_7: 0.2866  MAE: 1.0209  Corr: 0.2661 
2025-09-05 19:51:16,680 - MMSA [INFO] - A: >>  Has0_acc_2: 0.5530  Has0_F1_score: 0.3938  Non0_acc_2: 0.5530  Non0_F1_score: 0.3938  Mult_acc_5: 0.4961  Mult_acc_7: 0.4961  MAE: 0.6284  Corr: 0.1701 
2025-09-05 19:51:16,684 - MMSA [INFO] - V: >>  Has0_acc_2: 0.4595  Has0_F1_score: 0.2893  Non0_acc_2: 0.4595  Non0_F1_score: 0.2893  Mult_acc_5: 0.4852  Mult_acc_7: 0.4852  MAE: 0.6080  Corr: 0.0261 
2025-09-05 19:51:17,084 - MMSA [INFO] - VAL-(tetfn) >> loss: 0.8519 
2025-09-05 19:51:17,088 - MMSA [INFO] - M: >>  Has0_acc_2: 0.7991  Has0_F1_score: 0.8005  Non0_acc_2: 0.8333  Non0_F1_score: 0.8333  Mult_acc_5: 0.4148  Mult_acc_7: 0.3406  MAE: 0.8604  Corr: 0.7402 
2025-09-05 19:51:15,793 - MMSA [INFO] - M: >>  Has0_acc_2: 0.8886  Has0_F1_score: 0.8891  Non0_acc_2: 0.9115  Non0_F1_score: 0.9116  Mult_acc_5: 0.4883  Mult_acc_7: 0.4579  MAE: 0.6262  Corr: 0.8419 
2025-09-05 19:51:15,798 - MMSA [INFO] - T: >>  Has0_acc_2: 0.4735  Has0_F1_score: 0.3043  Non0_acc_2: 0.4735  Non0_F1_score: 0.3043  Mult_acc_5: 0.2991  Mult_acc_7: 0.2991  MAE: 0.9010  Corr: 0.6579 
2025-09-05 19:51:15,804 - MMSA [INFO] - A: >>  Has0_acc_2: 0.4953  Has0_F1_score: 0.3282  Non0_acc_2: 0.4953  Non0_F1_score: 0.3282  Mult_acc_5: 0.5709  Mult_acc_7: 0.5709  MAE: 0.5363  Corr: 0.2531 
2025-09-05 19:51:15,809 - MMSA [INFO] - V: >>  Has0_acc_2: 0.5187  Has0_F1_score: 0.3543  Non0_acc_2: 0.5187  Non0_F1_score: 0.3543  Mult_acc_5: 0.5903  Mult_acc_7: 0.5903  MAE: 0.4842  Corr: 0.0607 
2025-09-05 19:51:16,370 - MMSA [INFO] - VAL-(tetfn) >> loss: 0.8470 
2025-09-05 19:51:16,374 - MMSA [INFO] - M: >>  Has0_acc_2: 0.7904  Has0_F1_score: 0.7924  Non0_acc_2: 0.8287  Non0_F1_score: 0.8296  Mult_acc_5: 0.4105  Mult_acc_7: 0.3406  MAE: 0.8527  Corr: 0.7476 
2025-09-05 19:51:22,381 - MMSA [INFO] - M: >>  Has0_acc_2: 0.8956  Has0_F1_score: 0.8961  Non0_acc_2: 0.9163  Non0_F1_score: 0.9165  Mult_acc_5: 0.5350  Mult_acc_7: 0.5016  MAE: 0.5532  Corr: 0.8751 
2025-09-05 19:51:22,385 - MMSA [INFO] - T: >>  Has0_acc_2: 0.5016  Has0_F1_score: 0.3351  Non0_acc_2: 0.5016  Non0_F1_score: 0.3351  Mult_acc_5: 0.3450  Mult_acc_7: 0.3450  MAE: 0.7942  Corr: 0.7260 
2025-09-05 19:51:22,389 - MMSA [INFO] - A: >>  Has0_acc_2: 0.4431  Has0_F1_score: 0.2722  Non0_acc_2: 0.4431  Non0_F1_score: 0.2722  Mult_acc_5: 0.5693  Mult_acc_7: 0.5693  MAE: 0.5263  Corr: 0.3258 
2025-09-05 19:51:22,394 - MMSA [INFO] - V: >>  Has0_acc_2: 0.6184  Has0_F1_score: 0.4726  Non0_acc_2: 0.6184  Non0_F1_score: 0.4726  Mult_acc_5: 0.6425  Mult_acc_7: 0.6425  MAE: 0.4401  Corr: 0.1583 
2025-09-05 19:51:22,779 - MMSA [INFO] - VAL-(tetfn) >> loss: 0.8324 
2025-09-05 19:51:22,783 - MMSA [INFO] - M: >>  Has0_acc_2: 0.8079  Has0_F1_score: 0.8095  Non0_acc_2: 0.8426  Non0_F1_score: 0.8430  Mult_acc_5: 0.4716  Mult_acc_7: 0.3799  MAE: 0.8248  Corr: 0.7602 
2025-09-05 19:51:29,603 - MMSA [INFO] - M: >>  Has0_acc_2: 0.9104  Has0_F1_score: 0.9108  Non0_acc_2: 0.9293  Non0_F1_score: 0.9295  Mult_acc_5: 0.5732  Mult_acc_7: 0.5327  MAE: 0.4937  Corr: 0.8987 
2025-09-05 19:51:29,608 - MMSA [INFO] - T: >>  Has0_acc_2: 0.5335  Has0_F1_score: 0.3712  Non0_acc_2: 0.5335  Non0_F1_score: 0.3712  Mult_acc_5: 0.3660  Mult_acc_7: 0.3660  MAE: 0.7185  Corr: 0.7262 
2025-09-05 19:51:29,613 - MMSA [INFO] - A: >>  Has0_acc_2: 0.3941  Has0_F1_score: 0.2228  Non0_acc_2: 0.3941  Non0_F1_score: 0.2228  Mult_acc_5: 0.5241  Mult_acc_7: 0.5241  MAE: 0.5861  Corr: 0.3144 
2025-09-05 19:51:29,618 - MMSA [INFO] - V: >>  Has0_acc_2: 0.7079  Has0_F1_score: 0.5869  Non0_acc_2: 0.7079  Non0_F1_score: 0.5869  Mult_acc_5: 0.6083  Mult_acc_7: 0.6083  MAE: 0.4726  Corr: 0.0715 
2025-09-05 19:51:30,065 - MMSA [INFO] - VAL-(tetfn) >> loss: 0.8273 
2025-09-05 19:51:30,069 - MMSA [INFO] - M: >>  Has0_acc_2: 0.7991  Has0_F1_score: 0.8011  Non0_acc_2: 0.8333  Non0_F1_score: 0.8341  Mult_acc_5: 0.4760  Mult_acc_7: 0.3668  MAE: 0.8190  Corr: 0.7568 
2025-09-05 19:51:36,916 - MMSA [INFO] - M: >>  Has0_acc_2: 0.9097  Has0_F1_score: 0.9100  Non0_acc_2: 0.9277  Non0_F1_score: 0.9278  Mult_acc_5: 0.6293  Mult_acc_7: 0.5802  MAE: 0.4603  Corr: 0.9120 
2025-09-05 19:51:36,920 - MMSA [INFO] - T: >>  Has0_acc_2: 0.5615  Has0_F1_score: 0.4039  Non0_acc_2: 0.5615  Non0_F1_score: 0.4039  Mult_acc_5: 0.3808  Mult_acc_7: 0.3808  MAE: 0.6749  Corr: 0.7318 
2025-09-05 19:51:36,924 - MMSA [INFO] - A: >>  Has0_acc_2: 0.3583  Has0_F1_score: 0.1890  Non0_acc_2: 0.3583  Non0_F1_score: 0.1890  Mult_acc_5: 0.4774  Mult_acc_7: 0.4774  MAE: 0.6416  Corr: 0.3601 
2025-09-05 19:51:36,928 - MMSA [INFO] - V: >>  Has0_acc_2: 0.7445  Has0_F1_score: 0.6355  Non0_acc_2: 0.7445  Non0_F1_score: 0.6355  Mult_acc_5: 0.5530  Mult_acc_7: 0.5530  MAE: 0.5081  Corr: 0.0170 
2025-09-05 19:51:37,323 - MMSA [INFO] - VAL-(tetfn) >> loss: 0.8207 
2025-09-05 19:51:37,328 - MMSA [INFO] - M: >>  Has0_acc_2: 0.8210  Has0_F1_score: 0.8223  Non0_acc_2: 0.8519  Non0_F1_score: 0.8520  Mult_acc_5: 0.4803  Mult_acc_7: 0.3755  MAE: 0.7753  Corr: 0.7738 
2025-09-05 19:51:44,060 - MMSA [INFO] - M: >>  Has0_acc_2: 0.9104  Has0_F1_score: 0.9108  Non0_acc_2: 0.9342  Non0_F1_score: 0.9343  Mult_acc_5: 0.6745  Mult_acc_7: 0.6246  MAE: 0.4185  Corr: 0.9245 
2025-09-05 19:51:44,064 - MMSA [INFO] - T: >>  Has0_acc_2: 0.5841  Has0_F1_score: 0.4308  Non0_acc_2: 0.5841  Non0_F1_score: 0.4308  Mult_acc_5: 0.4572  Mult_acc_7: 0.4572  MAE: 0.6467  Corr: 0.7270 
2025-09-05 19:51:44,069 - MMSA [INFO] - A: >>  Has0_acc_2: 0.3310  Has0_F1_score: 0.1646  Non0_acc_2: 0.3310  Non0_F1_score: 0.1646  Mult_acc_5: 0.4213  Mult_acc_7: 0.4213  MAE: 0.7013  Corr: 0.3347 
2025-09-05 19:51:44,074 - MMSA [INFO] - V: >>  Has0_acc_2: 0.7648  Has0_F1_score: 0.6629  Non0_acc_2: 0.7648  Non0_F1_score: 0.6629  Mult_acc_5: 0.5226  Mult_acc_7: 0.5226  MAE: 0.5421  Corr: 0.0007 
2025-09-05 19:51:44,543 - MMSA [INFO] - VAL-(tetfn) >> loss: 0.7713 
2025-09-05 19:51:44,547 - MMSA [INFO] - M: >>  Has0_acc_2: 0.8035  Has0_F1_score: 0.8052  Non0_acc_2: 0.8426  Non0_F1_score: 0.8430  Mult_acc_5: 0.4891  Mult_acc_7: 0.3843  MAE: 0.7761  Corr: 0.7764 
2025-09-05 19:51:51,651 - MMSA [INFO] - M: >>  Has0_acc_2: 0.9167  Has0_F1_score: 0.9169  Non0_acc_2: 0.9374  Non0_F1_score: 0.9375  Mult_acc_5: 0.6768  Mult_acc_7: 0.6254  MAE: 0.3935  Corr: 0.9343 
2025-09-05 19:51:51,655 - MMSA [INFO] - T: >>  Has0_acc_2: 0.6067  Has0_F1_score: 0.4582  Non0_acc_2: 0.6067  Non0_F1_score: 0.4582  Mult_acc_5: 0.5358  Mult_acc_7: 0.5358  MAE: 0.6210  Corr: 0.7448 
2025-09-05 19:51:51,659 - MMSA [INFO] - A: >>  Has0_acc_2: 0.3100  Has0_F1_score: 0.1467  Non0_acc_2: 0.3100  Non0_F1_score: 0.1467  Mult_acc_5: 0.3801  Mult_acc_7: 0.3801  MAE: 0.7558  Corr: 0.3864 
2025-09-05 19:51:51,664 - MMSA [INFO] - V: >>  Has0_acc_2: 0.7843  Has0_F1_score: 0.6894  Non0_acc_2: 0.7843  Non0_F1_score: 0.6894  Mult_acc_5: 0.5086  Mult_acc_7: 0.5086  MAE: 0.5739  Corr: 0.0685 
2025-09-05 19:51:52,111 - MMSA [INFO] - VAL-(tetfn) >> loss: 0.7556 
2025-09-05 19:51:52,115 - MMSA [INFO] - M: >>  Has0_acc_2: 0.8079  Has0_F1_score: 0.8096  Non0_acc_2: 0.8472  Non0_F1_score: 0.8477  Mult_acc_5: 0.4978  Mult_acc_7: 0.3974  MAE: 0.7567  Corr: 0.7840 
2025-09-05 19:51:58,908 - MMSA [INFO] - M: >>  Has0_acc_2: 0.9307  Has0_F1_score: 0.9309  Non0_acc_2: 0.9513  Non0_F1_score: 0.9513  Mult_acc_5: 0.7500  Mult_acc_7: 0.6970  MAE: 0.3428  Corr: 0.9487 
2025-09-05 19:51:58,912 - MMSA [INFO] - T: >>  Has0_acc_2: 0.6254  Has0_F1_score: 0.4813  Non0_acc_2: 0.6254  Non0_F1_score: 0.4813  Mult_acc_5: 0.5070  Mult_acc_7: 0.5070  MAE: 0.6112  Corr: 0.7626 
2025-09-05 19:51:58,916 - MMSA [INFO] - A: >>  Has0_acc_2: 0.2944  Has0_F1_score: 0.1339  Non0_acc_2: 0.2944  Non0_F1_score: 0.1339  Mult_acc_5: 0.3598  Mult_acc_7: 0.3598  MAE: 0.7904  Corr: 0.3965 
2025-09-05 19:51:58,920 - MMSA [INFO] - V: >>  Has0_acc_2: 0.7913  Has0_F1_score: 0.6991  Non0_acc_2: 0.7913  Non0_F1_score: 0.6991  Mult_acc_5: 0.4953  Mult_acc_7: 0.4953  MAE: 0.5860  Corr: 0.0057 
2025-09-05 19:51:59,322 - MMSA [INFO] - VAL-(tetfn) >> loss: 0.7316 
2025-09-05 19:51:59,326 - MMSA [INFO] - M: >>  Has0_acc_2: 0.8297  Has0_F1_score: 0.8306  Non0_acc_2: 0.8519  Non0_F1_score: 0.8519  Mult_acc_5: 0.5284  Mult_acc_7: 0.4279  MAE: 0.7272  Corr: 0.7933 
2025-09-05 19:52:06,970 - MMSA [INFO] - M: >>  Has0_acc_2: 0.9361  Has0_F1_score: 0.9362  Non0_acc_2: 0.9496  Non0_F1_score: 0.9496  Mult_acc_5: 0.7609  Mult_acc_7: 0.7079  MAE: 0.3147  Corr: 0.9564 
2025-09-05 19:52:06,974 - MMSA [INFO] - T: >>  Has0_acc_2: 0.6254  Has0_F1_score: 0.4813  Non0_acc_2: 0.6254  Non0_F1_score: 0.4813  Mult_acc_5: 0.4782  Mult_acc_7: 0.4782  MAE: 0.6276  Corr: 0.7892 
2025-09-05 19:52:06,977 - MMSA [INFO] - A: >>  Has0_acc_2: 0.2726  Has0_F1_score: 0.1168  Non0_acc_2: 0.2726  Non0_F1_score: 0.1168  Mult_acc_5: 0.3442  Mult_acc_7: 0.3442  MAE: 0.8205  Corr: 0.4185 
2025-09-05 19:52:06,981 - MMSA [INFO] - V: >>  Has0_acc_2: 0.8053  Has0_F1_score: 0.7184  Non0_acc_2: 0.8053  Non0_F1_score: 0.7184  Mult_acc_5: 0.4992  Mult_acc_7: 0.4992  MAE: 0.5903  Corr: 0.0172 
2025-09-05 19:52:07,392 - MMSA [INFO] - VAL-(tetfn) >> loss: 0.7061 
2025-09-05 19:52:07,396 - MMSA [INFO] - M: >>  Has0_acc_2: 0.8253  Has0_F1_score: 0.8261  Non0_acc_2: 0.8472  Non0_F1_score: 0.8471  Mult_acc_5: 0.5328  Mult_acc_7: 0.4323  MAE: 0.7278  Corr: 0.7930 
2025-09-05 19:52:13,651 - MMSA [INFO] - M: >>  Has0_acc_2: 0.9416  Has0_F1_score: 0.9417  Non0_acc_2: 0.9610  Non0_F1_score: 0.9610  Mult_acc_5: 0.7913  Mult_acc_7: 0.7375  MAE: 0.2891  Corr: 0.9619 
2025-09-05 19:52:13,654 - MMSA [INFO] - T: >>  Has0_acc_2: 0.6900  Has0_F1_score: 0.6189  Non0_acc_2: 0.6900  Non0_F1_score: 0.6189  Mult_acc_5: 0.4688  Mult_acc_7: 0.4688  MAE: 0.6437  Corr: 0.8015 
2025-09-05 19:52:13,658 - MMSA [INFO] - A: >>  Has0_acc_2: 0.5685  Has0_F1_score: 0.5866  Non0_acc_2: 0.5685  Non0_F1_score: 0.5866  Mult_acc_5: 0.3201  Mult_acc_7: 0.3201  MAE: 0.8587  Corr: 0.4091 
2025-09-05 19:52:13,661 - MMSA [INFO] - V: >>  Has0_acc_2: 0.8217  Has0_F1_score: 0.7412  Non0_acc_2: 0.8217  Non0_F1_score: 0.7412  Mult_acc_5: 0.4883  Mult_acc_7: 0.4883  MAE: 0.6020  Corr: 0.0218 
2025-09-05 19:52:14,110 - MMSA [INFO] - VAL-(tetfn) >> loss: 0.7547 
2025-09-05 19:52:14,116 - MMSA [INFO] - M: >>  Has0_acc_2: 0.8079  Has0_F1_score: 0.8090  Non0_acc_2: 0.8380  Non0_F1_score: 0.8378  Mult_acc_5: 0.5328  Mult_acc_7: 0.4323  MAE: 0.7304  Corr: 0.7914 
2025-09-05 19:52:18,289 - MMSA [INFO] - M: >>  Has0_acc_2: 0.9502  Has0_F1_score: 0.9503  Non0_acc_2: 0.9691  Non0_F1_score: 0.9691  Mult_acc_5: 0.8162  Mult_acc_7: 0.7617  MAE: 0.2699  Corr: 0.9671 
2025-09-05 19:52:18,293 - MMSA [INFO] - T: >>  Has0_acc_2: 0.8512  Has0_F1_score: 0.8451  Non0_acc_2: 0.8512  Non0_F1_score: 0.8451  Mult_acc_5: 0.4774  Mult_acc_7: 0.4774  MAE: 0.6590  Corr: 0.8156 
2025-09-05 19:52:18,297 - MMSA [INFO] - A: >>  Has0_acc_2: 0.7936  Has0_F1_score: 0.7575  Non0_acc_2: 0.7936  Non0_F1_score: 0.7575  Mult_acc_5: 0.3115  Mult_acc_7: 0.3115  MAE: 0.8922  Corr: 0.4534 
2025-09-05 19:52:18,301 - MMSA [INFO] - V: >>  Has0_acc_2: 0.8318  Has0_F1_score: 0.7554  Non0_acc_2: 0.8318  Non0_F1_score: 0.7554  Mult_acc_5: 0.4914  Mult_acc_7: 0.4914  MAE: 0.6129  Corr: 0.0227 
2025-09-05 19:52:18,728 - MMSA [INFO] - VAL-(tetfn) >> loss: 0.7150 
2025-09-05 19:52:18,731 - MMSA [INFO] - M: >>  Has0_acc_2: 0.8122  Has0_F1_score: 0.8127  Non0_acc_2: 0.8333  Non0_F1_score: 0.8328  Mult_acc_5: 0.5240  Mult_acc_7: 0.4192  MAE: 0.7208  Corr: 0.7973 
2025-09-05 19:52:22,561 - MMSA [INFO] - M: >>  Has0_acc_2: 0.9611  Has0_F1_score: 0.9611  Non0_acc_2: 0.9740  Non0_F1_score: 0.9740  Mult_acc_5: 0.8061  Mult_acc_7: 0.7516  MAE: 0.2527  Corr: 0.9716 
2025-09-05 19:52:22,564 - MMSA [INFO] - T: >>  Has0_acc_2: 0.8723  Has0_F1_score: 0.8696  Non0_acc_2: 0.8723  Non0_F1_score: 0.8696  Mult_acc_5: 0.4836  Mult_acc_7: 0.4836  MAE: 0.6748  Corr: 0.8344 
2025-09-05 19:52:22,585 - MMSA [INFO] - A: >>  Has0_acc_2: 0.7664  Has0_F1_score: 0.6650  Non0_acc_2: 0.7664  Non0_F1_score: 0.6650  Mult_acc_5: 0.2998  Mult_acc_7: 0.2998  MAE: 0.9162  Corr: 0.4689 
2025-09-05 19:52:22,593 - MMSA [INFO] - V: >>  Has0_acc_2: 0.8372  Has0_F1_score: 0.7631  Non0_acc_2: 0.8372  Non0_F1_score: 0.7631  Mult_acc_5: 0.4868  Mult_acc_7: 0.4868  MAE: 0.6245  Corr: 0.0566 
2025-09-05 19:52:22,982 - MMSA [INFO] - VAL-(tetfn) >> loss: 0.7178 
2025-09-05 19:52:22,986 - MMSA [INFO] - M: >>  Has0_acc_2: 0.8079  Has0_F1_score: 0.8090  Non0_acc_2: 0.8333  Non0_F1_score: 0.8333  Mult_acc_5: 0.5022  Mult_acc_7: 0.3930  MAE: 0.7217  Corr: 0.8029 
2025-09-05 19:52:27,419 - MMSA [INFO] - M: >>  Has0_acc_2: 0.9509  Has0_F1_score: 0.9511  Non0_acc_2: 0.9691  Non0_F1_score: 0.9691  Mult_acc_5: 0.8139  Mult_acc_7: 0.7593  MAE: 0.2478  Corr: 0.9735 
2025-09-05 19:52:27,423 - MMSA [INFO] - T: >>  Has0_acc_2: 0.8847  Has0_F1_score: 0.8834  Non0_acc_2: 0.8847  Non0_F1_score: 0.8834  Mult_acc_5: 0.4945  Mult_acc_7: 0.4945  MAE: 0.6855  Corr: 0.8374 
2025-09-05 19:52:27,427 - MMSA [INFO] - A: >>  Has0_acc_2: 0.7765  Has0_F1_score: 0.6788  Non0_acc_2: 0.7765  Non0_F1_score: 0.6788  Mult_acc_5: 0.2850  Mult_acc_7: 0.2850  MAE: 0.9426  Corr: 0.4701 
2025-09-05 19:52:27,431 - MMSA [INFO] - V: >>  Has0_acc_2: 0.8435  Has0_F1_score: 0.7718  Non0_acc_2: 0.8435  Non0_F1_score: 0.7718  Mult_acc_5: 0.4852  Mult_acc_7: 0.4852  MAE: 0.6365  Corr: 0.0824 
2025-09-05 19:52:33,891 - MMSA [INFO] - VAL-(tetfn) >> loss: 0.7408 
2025-09-05 19:52:33,895 - MMSA [INFO] - M: >>  Has0_acc_2: 0.8166  Has0_F1_score: 0.8181  Non0_acc_2: 0.8519  Non0_F1_score: 0.8522  Mult_acc_5: 0.5153  Mult_acc_7: 0.4105  MAE: 0.7261  Corr: 0.8025 
2025-09-05 19:52:32,003 - MMSA [INFO] - M: >>  Has0_acc_2: 0.9517  Has0_F1_score: 0.9519  Non0_acc_2: 0.9756  Non0_F1_score: 0.9756  Mult_acc_5: 0.8193  Mult_acc_7: 0.7648  MAE: 0.2328  Corr: 0.9762 
2025-09-05 19:52:32,007 - MMSA [INFO] - T: >>  Has0_acc_2: 0.8793  Has0_F1_score: 0.8779  Non0_acc_2: 0.8793  Non0_F1_score: 0.8779  Mult_acc_5: 0.4829  Mult_acc_7: 0.4821  MAE: 0.7033  Corr: 0.8534 
2025-09-05 19:52:32,011 - MMSA [INFO] - A: >>  Has0_acc_2: 0.7858  Has0_F1_score: 0.6916  Non0_acc_2: 0.7858  Non0_F1_score: 0.6916  Mult_acc_5: 0.2773  Mult_acc_7: 0.2773  MAE: 0.9641  Corr: 0.4727 
2025-09-05 19:52:32,014 - MMSA [INFO] - V: >>  Has0_acc_2: 0.8489  Has0_F1_score: 0.7795  Non0_acc_2: 0.8489  Non0_F1_score: 0.7795  Mult_acc_5: 0.4673  Mult_acc_7: 0.4673  MAE: 0.6521  Corr: 0.0494 
2025-09-05 19:52:32,435 - MMSA [INFO] - VAL-(tetfn) >> loss: 0.7088 
2025-09-05 19:52:32,439 - MMSA [INFO] - M: >>  Has0_acc_2: 0.8341  Has0_F1_score: 0.8341  Non0_acc_2: 0.8472  Non0_F1_score: 0.8466  Mult_acc_5: 0.5459  Mult_acc_7: 0.4410  MAE: 0.7198  Corr: 0.8021 
2025-09-05 19:52:36,520 - MMSA [INFO] - M: >>  Has0_acc_2: 0.9688  Has0_F1_score: 0.9689  Non0_acc_2: 0.9805  Non0_F1_score: 0.9805  Mult_acc_5: 0.8349  Mult_acc_7: 0.7804  MAE: 0.2242  Corr: 0.9794 
2025-09-05 19:52:36,524 - MMSA [INFO] - T: >>  Has0_acc_2: 0.9089  Has0_F1_score: 0.9084  Non0_acc_2: 0.9089  Non0_F1_score: 0.9084  Mult_acc_5: 0.4907  Mult_acc_7: 0.4883  MAE: 0.7046  Corr: 0.8543 
2025-09-05 19:52:36,541 - MMSA [INFO] - A: >>  Has0_acc_2: 0.7967  Has0_F1_score: 0.7066  Non0_acc_2: 0.7967  Non0_F1_score: 0.7066  Mult_acc_5: 0.2710  Mult_acc_7: 0.2710  MAE: 0.9802  Corr: 0.4902 
2025-09-05 19:52:36,551 - MMSA [INFO] - V: >>  Has0_acc_2: 0.8567  Has0_F1_score: 0.7906  Non0_acc_2: 0.8567  Non0_F1_score: 0.7906  Mult_acc_5: 0.4540  Mult_acc_7: 0.4540  MAE: 0.6652  Corr: 0.1014 
2025-09-05 19:52:36,968 - MMSA [INFO] - VAL-(tetfn) >> loss: 0.7259 
2025-09-05 19:52:36,972 - MMSA [INFO] - M: >>  Has0_acc_2: 0.8253  Has0_F1_score: 0.8250  Non0_acc_2: 0.8380  Non0_F1_score: 0.8370  Mult_acc_5: 0.5197  Mult_acc_7: 0.4367  MAE: 0.7220  Corr: 0.8014 
2025-09-05 19:52:40,810 - MMSA [INFO] - M: >>  Has0_acc_2: 0.9611  Has0_F1_score: 0.9612  Non0_acc_2: 0.9789  Non0_F1_score: 0.9789  Mult_acc_5: 0.8287  Mult_acc_7: 0.7741  MAE: 0.2166  Corr: 0.9803 
2025-09-05 19:52:40,814 - MMSA [INFO] - T: >>  Has0_acc_2: 0.9120  Has0_F1_score: 0.9117  Non0_acc_2: 0.9120  Non0_F1_score: 0.9117  Mult_acc_5: 0.5000  Mult_acc_7: 0.4977  MAE: 0.7086  Corr: 0.8655 
2025-09-05 19:52:40,818 - MMSA [INFO] - A: >>  Has0_acc_2: 0.8045  Has0_F1_score: 0.7174  Non0_acc_2: 0.8045  Non0_F1_score: 0.7174  Mult_acc_5: 0.2601  Mult_acc_7: 0.2601  MAE: 1.0009  Corr: 0.5171 
2025-09-05 19:52:40,823 - MMSA [INFO] - V: >>  Has0_acc_2: 0.8583  Has0_F1_score: 0.7928  Non0_acc_2: 0.8583  Non0_F1_score: 0.7928  Mult_acc_5: 0.4299  Mult_acc_7: 0.4299  MAE: 0.6870  Corr: 0.1252 
2025-09-05 19:52:41,260 - MMSA [INFO] - VAL-(tetfn) >> loss: 0.7078 
2025-09-05 19:52:41,263 - MMSA [INFO] - M: >>  Has0_acc_2: 0.8166  Has0_F1_score: 0.8174  Non0_acc_2: 0.8426  Non0_F1_score: 0.8424  Mult_acc_5: 0.5284  Mult_acc_7: 0.4410  MAE: 0.7126  Corr: 0.8005 
2025-09-05 19:52:45,237 - MMSA [INFO] - M: >>  Has0_acc_2: 0.9618  Has0_F1_score: 0.9619  Non0_acc_2: 0.9797  Non0_F1_score: 0.9797  Mult_acc_5: 0.8466  Mult_acc_7: 0.7921  MAE: 0.2002  Corr: 0.9832 
2025-09-05 19:52:45,241 - MMSA [INFO] - T: >>  Has0_acc_2: 0.9237  Has0_F1_score: 0.9237  Non0_acc_2: 0.9237  Non0_F1_score: 0.9237  Mult_acc_5: 0.4914  Mult_acc_7: 0.4891  MAE: 0.6994  Corr: 0.8619 
2025-09-05 19:52:45,245 - MMSA [INFO] - A: >>  Has0_acc_2: 0.8084  Has0_F1_score: 0.7228  Non0_acc_2: 0.8084  Non0_F1_score: 0.7228  Mult_acc_5: 0.2523  Mult_acc_7: 0.2523  MAE: 1.0116  Corr: 0.5036 
2025-09-05 19:52:45,250 - MMSA [INFO] - V: >>  Has0_acc_2: 0.8598  Has0_F1_score: 0.7950  Non0_acc_2: 0.8598  Non0_F1_score: 0.7950  Mult_acc_5: 0.4143  Mult_acc_7: 0.4143  MAE: 0.7023  Corr: 0.1007 
2025-09-05 19:52:45,651 - MMSA [INFO] - VAL-(tetfn) >> loss: 0.7124 
2025-09-05 19:52:45,655 - MMSA [INFO] - M: >>  Has0_acc_2: 0.8122  Has0_F1_score: 0.8134  Non0_acc_2: 0.8472  Non0_F1_score: 0.8471  Mult_acc_5: 0.5153  Mult_acc_7: 0.4148  MAE: 0.7087  Corr: 0.8043 
2025-09-05 19:52:54,230 - MMSA [INFO] - TEST-(tetfn) >> loss: 0.7402 
2025-09-05 19:52:54,234 - MMSA [INFO] - M: >>  Has0_acc_2: 0.8120  Has0_F1_score: 0.8116  Non0_acc_2: 0.8308  Non0_F1_score: 0.8311  Mult_acc_5: 0.5131  Mult_acc_7: 0.4402  MAE: 0.7425  Corr: 0.7847 
2025-09-05 19:52:55,429 - MMSA [INFO] - Result for seed 1111: {'Has0_acc_2': 0.812, 'Has0_F1_score': 0.8116, 'Non0_acc_2': 0.8308, 'Non0_F1_score': 0.8311, 'Mult_acc_5': np.float64(0.5131), 'Mult_acc_7': np.float64(0.4402), 'MAE': np.float64(0.7425), 'Corr': np.float64(0.7847), 'Loss': 0.7402}
2025-09-05 19:52:55,457 - MMSA [INFO] - Results saved to results/normal/mosi.csv.
