2025-09-05 22:41:29,124 - MMSA [INFO] - ======================================== Program Start ========================================
2025-09-05 22:44:07,960 - MMSA [INFO] - ======================================== Program Start ========================================
2025-09-05 22:44:08,134 - MMSA [INFO] - Running with args:
2025-09-05 22:44:08,134 - MMSA [INFO] - {'model_name': 'tetfn_crt_ib', 'dataset_name': 'mosi', 'featurePath': 'data/MOSI/Processed/aligned_50.pkl', 'seq_lens': [50, 50, 50], 'feature_dims': [768, 5, 20], 'train_samples': 1284, 'num_classes': 3, 'language': 'en', 'KeyEval': 'Loss', 'missing_rate': [0.2, 0.2, 0.2], 'missing_seed': [1111, 1111, 1111], 'need_data_aligned': True, 'need_model_aligned': True, 'need_normalized': False, 'use_bert': True, 'use_finetune': True, 'save_labels': False, 'early_stop': 10, 'update_epochs': 2, 'batch_size': 64, 'transformers': 'bert', 'pretrained': 'bert-base-uncased', 'a_lstm_hidden_size': 32, 'a_lstm_layers': 1, 'a_lstm_dropout': 0.0, 'v_lstm_hidden_size': 64, 'v_lstm_layers': 1, 'v_lstm_dropout': 0.0, 'conv1d_kernel_size_l': 1, 'conv1d_kernel_size_a': 1, 'conv1d_kernel_size_v': 1, 'dst_feature_dims': 50, 'nheads': 5, 'attn_dropout': 0.05, 'attn_dropout_a': 0.0, 'attn_dropout_v': 0.05, 'relu_dropout': 0.0, 'embed_dropout': 0.0, 'res_dropout': 0.05, 'post_fusion_dropout': 0.0, 'post_fusion_dim': 128, 'post_text_dropout': 0.0, 'post_text_dim': 64, 'post_audio_dropout': 0.0, 'post_audio_dim': 32, 'post_video_dropout': 0.0, 'post_video_dim': 16, 'excludeZero': True, 'H': 3, 'decay': False, 'weight_decay_bert': 0.001, 'learning_rate_bert': 3e-05, 'weight_decay_audio': 0.005, 'weight_decay_video': 0.0, 'weight_decay_other': 0.005, 'learning_rate_audio': 0.0005, 'learning_rate_video': 0.0005, 'learning_rate_other': 0.0005, 'use_info_bottleneck': True, 'info_bottleneck_beta': 0.001, 'info_bottleneck_dropout': 0.1, 'info_bottleneck_weight': 0.1, 'bottleneck_dim': 64, 'use_text_debias': True, 'debias_model_dim': 128, 'debias_num_heads': 8, 'debias_num_layers': 1, 'debias_dropout': 0.1, 'debias_confounder_size': 50, 'use_kmeans_init': False, 'crt_gate_temp': 0.6, 'crt_residual_scale': 0.1, 'crt_channel_attn_reduction': 4, 'crt_sim_scale': 1.0, 'model_save_path': PosixPath('save_models/tetfn_crt_ib-mosi.pth'), 'device': device(type='cuda', index=0), 'train_mode': 'regression', 'custom_feature': None, 'feature_T': None, 'feature_A': None, 'feature_V': None}
2025-09-05 22:44:08,135 - MMSA [INFO] - Seeds: [1111]
2025-09-05 22:44:08,141 - MMSA [INFO] - ------------------------------ Running with seed 1111 [1/1] ------------------------------
2025-09-05 22:44:09,488 - MMSA [INFO] - train samples: (1284,)
2025-09-05 22:44:10,587 - MMSA [INFO] - valid samples: (229,)
2025-09-05 22:44:11,249 - MMSA [INFO] - test samples: (686,)
2025-09-05 22:44:13,953 - MMSA [INFO] - The model has 111607228 trainable parameters
2025-09-05 22:44:13,963 - MMSA [INFO] - Init labels
2025-09-05 22:44:14,112 - MMSA [INFO] - Start training
2025-09-05 22:44:20,135 - MMSA [INFO] - M: >>  Has0_acc_2: 0.5498  Has0_F1_score: 0.4600  Non0_acc_2: 0.5370  Non0_F1_score: 0.4440  Mult_acc_5: 0.1924  Mult_acc_7: 0.1924  MAE: 1.3127  Corr: 0.0632 
2025-09-05 22:44:20,139 - MMSA [INFO] - T: >>  Has0_acc_2: 0.4961  Has0_F1_score: 0.4971  Non0_acc_2: 0.4931  Non0_F1_score: 0.4930  Mult_acc_5: 0.1931  Mult_acc_7: 0.1931  MAE: 1.3292  Corr: 0.0231 
2025-09-05 22:44:20,145 - MMSA [INFO] - A: >>  Has0_acc_2: 0.5701  Has0_F1_score: 0.4140  Non0_acc_2: 0.5516  Non0_F1_score: 0.3922  Mult_acc_5: 0.1931  Mult_acc_7: 0.1931  MAE: 1.3209  Corr: 0.0227 
2025-09-05 22:44:20,149 - MMSA [INFO] - V: >>  Has0_acc_2: 0.5701  Has0_F1_score: 0.4140  Non0_acc_2: 0.5516  Non0_F1_score: 0.3922  Mult_acc_5: 0.1931  Mult_acc_7: 0.1931  MAE: 1.3236  Corr: -0.0531 
2025-09-05 22:44:20,640 - MMSA [INFO] - VAL-(tetfn_crt_ib) >> loss: 1.3922 
2025-09-05 22:44:20,643 - MMSA [INFO] - M: >>  Has0_acc_2: 0.5983  Has0_F1_score: 0.5109  Non0_acc_2: 0.5787  Non0_F1_score: 0.4881  Mult_acc_5: 0.2358  Mult_acc_7: 0.2358  MAE: 1.3913  Corr: 0.2121 
2025-09-05 22:44:27,734 - MMSA [INFO] - M: >>  Has0_acc_2: 0.6659  Has0_F1_score: 0.6358  Non0_acc_2: 0.6653  Non0_F1_score: 0.6336  Mult_acc_5: 0.2399  Mult_acc_7: 0.2383  MAE: 1.1567  Corr: 0.4761 
2025-09-05 22:44:27,741 - MMSA [INFO] - T: >>  Has0_acc_2: 0.4260  Has0_F1_score: 0.3327  Non0_acc_2: 0.4435  Non0_F1_score: 0.3526  Mult_acc_5: 0.1931  Mult_acc_7: 0.1931  MAE: 1.3323  Corr: -0.1188 
2025-09-05 22:44:27,746 - MMSA [INFO] - A: >>  Has0_acc_2: 0.5701  Has0_F1_score: 0.4140  Non0_acc_2: 0.5516  Non0_F1_score: 0.3922  Mult_acc_5: 0.1931  Mult_acc_7: 0.1931  MAE: 1.3212  Corr: 0.0680 
2025-09-05 22:44:27,750 - MMSA [INFO] - V: >>  Has0_acc_2: 0.5701  Has0_F1_score: 0.4140  Non0_acc_2: 0.5516  Non0_F1_score: 0.3922  Mult_acc_5: 0.1931  Mult_acc_7: 0.1931  MAE: 1.3235  Corr: -0.0931 
2025-09-05 22:44:28,291 - MMSA [INFO] - VAL-(tetfn_crt_ib) >> loss: 0.9495 
2025-09-05 22:44:28,295 - MMSA [INFO] - M: >>  Has0_acc_2: 0.8166  Has0_F1_score: 0.8182  Non0_acc_2: 0.8472  Non0_F1_score: 0.8478  Mult_acc_5: 0.3930  Mult_acc_7: 0.3144  MAE: 0.9553  Corr: 0.6999 
2025-09-05 22:44:36,614 - MMSA [INFO] - M: >>  Has0_acc_2: 0.8092  Has0_F1_score: 0.8100  Non0_acc_2: 0.8278  Non0_F1_score: 0.8282  Mult_acc_5: 0.3855  Mult_acc_7: 0.3606  MAE: 0.8258  Corr: 0.7153 
2025-09-05 22:44:36,618 - MMSA [INFO] - T: >>  Has0_acc_2: 0.6044  Has0_F1_score: 0.5726  Non0_acc_2: 0.6044  Non0_F1_score: 0.5726  Mult_acc_5: 0.1526  Mult_acc_7: 0.1526  MAE: 1.6842  Corr: 0.4290 
2025-09-05 22:44:36,624 - MMSA [INFO] - A: >>  Has0_acc_2: 0.5615  Has0_F1_score: 0.4039  Non0_acc_2: 0.5615  Non0_F1_score: 0.4039  Mult_acc_5: 0.2165  Mult_acc_7: 0.2165  MAE: 1.4402  Corr: 0.0213 
2025-09-05 22:44:36,628 - MMSA [INFO] - V: >>  Has0_acc_2: 0.6145  Has0_F1_score: 0.4678  Non0_acc_2: 0.6145  Non0_F1_score: 0.4678  Mult_acc_5: 0.2477  Mult_acc_7: 0.2477  MAE: 1.3316  Corr: -0.0181 
2025-09-05 22:44:37,170 - MMSA [INFO] - VAL-(tetfn_crt_ib) >> loss: 0.9244 
2025-09-05 22:44:37,174 - MMSA [INFO] - M: >>  Has0_acc_2: 0.8035  Has0_F1_score: 0.8054  Non0_acc_2: 0.8380  Non0_F1_score: 0.8388  Mult_acc_5: 0.4105  Mult_acc_7: 0.3406  MAE: 0.9215  Corr: 0.7232 
2025-09-05 22:44:44,621 - MMSA [INFO] - M: >>  Has0_acc_2: 0.8489  Has0_F1_score: 0.8496  Non0_acc_2: 0.8725  Non0_F1_score: 0.8728  Mult_acc_5: 0.4587  Mult_acc_7: 0.4245  MAE: 0.6965  Corr: 0.7997 
2025-09-05 22:44:44,625 - MMSA [INFO] - T: >>  Has0_acc_2: 0.8107  Has0_F1_score: 0.8114  Non0_acc_2: 0.8107  Non0_F1_score: 0.8114  Mult_acc_5: 0.2196  Mult_acc_7: 0.2196  MAE: 1.3358  Corr: 0.7204 
2025-09-05 22:44:44,629 - MMSA [INFO] - A: >>  Has0_acc_2: 0.6121  Has0_F1_score: 0.4649  Non0_acc_2: 0.6121  Non0_F1_score: 0.4649  Mult_acc_5: 0.3185  Mult_acc_7: 0.3185  MAE: 1.0325  Corr: 0.0790 
2025-09-05 22:44:44,635 - MMSA [INFO] - V: >>  Has0_acc_2: 0.6036  Has0_F1_score: 0.4544  Non0_acc_2: 0.6036  Non0_F1_score: 0.4544  Mult_acc_5: 0.3614  Mult_acc_7: 0.3614  MAE: 0.8623  Corr: -0.0372 
2025-09-05 22:44:45,145 - MMSA [INFO] - VAL-(tetfn_crt_ib) >> loss: 0.9078 
2025-09-05 22:44:45,149 - MMSA [INFO] - M: >>  Has0_acc_2: 0.7948  Has0_F1_score: 0.7967  Non0_acc_2: 0.8287  Non0_F1_score: 0.8294  Mult_acc_5: 0.4061  Mult_acc_7: 0.3275  MAE: 0.8887  Corr: 0.7241 
2025-09-05 22:44:52,254 - MMSA [INFO] - M: >>  Has0_acc_2: 0.8902  Has0_F1_score: 0.8907  Non0_acc_2: 0.9098  Non0_F1_score: 0.9100  Mult_acc_5: 0.5312  Mult_acc_7: 0.4914  MAE: 0.5920  Corr: 0.8576 
2025-09-05 22:44:52,258 - MMSA [INFO] - T: >>  Has0_acc_2: 0.8808  Has0_F1_score: 0.8811  Non0_acc_2: 0.8808  Non0_F1_score: 0.8811  Mult_acc_5: 0.2780  Mult_acc_7: 0.2780  MAE: 0.9837  Corr: 0.7975 
2025-09-05 22:44:52,262 - MMSA [INFO] - A: >>  Has0_acc_2: 0.6129  Has0_F1_score: 0.4658  Non0_acc_2: 0.6129  Non0_F1_score: 0.4658  Mult_acc_5: 0.3949  Mult_acc_7: 0.3949  MAE: 0.8603  Corr: 0.0693 
2025-09-05 22:44:52,267 - MMSA [INFO] - V: >>  Has0_acc_2: 0.6020  Has0_F1_score: 0.4525  Non0_acc_2: 0.6020  Non0_F1_score: 0.4525  Mult_acc_5: 0.4673  Mult_acc_7: 0.4673  MAE: 0.6598  Corr: -0.0134 
2025-09-05 22:44:52,788 - MMSA [INFO] - VAL-(tetfn_crt_ib) >> loss: 0.8244 
2025-09-05 22:44:52,791 - MMSA [INFO] - M: >>  Has0_acc_2: 0.8035  Has0_F1_score: 0.8047  Non0_acc_2: 0.8287  Non0_F1_score: 0.8288  Mult_acc_5: 0.4585  Mult_acc_7: 0.3624  MAE: 0.8232  Corr: 0.7536 
2025-09-05 22:45:00,563 - MMSA [INFO] - M: >>  Has0_acc_2: 0.9065  Has0_F1_score: 0.9070  Non0_acc_2: 0.9245  Non0_F1_score: 0.9246  Mult_acc_5: 0.5717  Mult_acc_7: 0.5273  MAE: 0.5188  Corr: 0.8931 
2025-09-05 22:45:00,567 - MMSA [INFO] - T: >>  Has0_acc_2: 0.8980  Has0_F1_score: 0.8981  Non0_acc_2: 0.8980  Non0_F1_score: 0.8981  Mult_acc_5: 0.5101  Mult_acc_7: 0.4860  MAE: 0.5976  Corr: 0.8618 
2025-09-05 22:45:00,571 - MMSA [INFO] - A: >>  Has0_acc_2: 0.6511  Has0_F1_score: 0.5135  Non0_acc_2: 0.6511  Non0_F1_score: 0.5135  Mult_acc_5: 0.4081  Mult_acc_7: 0.4081  MAE: 0.7708  Corr: 0.0920 
2025-09-05 22:45:00,576 - MMSA [INFO] - V: >>  Has0_acc_2: 0.5833  Has0_F1_score: 0.4298  Non0_acc_2: 0.5833  Non0_F1_score: 0.4298  Mult_acc_5: 0.5117  Mult_acc_7: 0.5117  MAE: 0.5603  Corr: 0.0006 
2025-09-05 22:45:01,112 - MMSA [INFO] - VAL-(tetfn_crt_ib) >> loss: 0.7572 
2025-09-05 22:45:01,116 - MMSA [INFO] - M: >>  Has0_acc_2: 0.7991  Has0_F1_score: 0.8003  Non0_acc_2: 0.8241  Non0_F1_score: 0.8241  Mult_acc_5: 0.4629  Mult_acc_7: 0.3624  MAE: 0.7804  Corr: 0.7774 
2025-09-05 22:45:08,109 - MMSA [INFO] - M: >>  Has0_acc_2: 0.9128  Has0_F1_score: 0.9130  Non0_acc_2: 0.9301  Non0_F1_score: 0.9301  Mult_acc_5: 0.6386  Mult_acc_7: 0.5911  MAE: 0.4509  Corr: 0.9197 
2025-09-05 22:45:08,113 - MMSA [INFO] - T: >>  Has0_acc_2: 0.9112  Has0_F1_score: 0.9113  Non0_acc_2: 0.9112  Non0_F1_score: 0.9113  Mult_acc_5: 0.5864  Mult_acc_7: 0.5584  MAE: 0.4992  Corr: 0.9028 
2025-09-05 22:45:08,116 - MMSA [INFO] - A: >>  Has0_acc_2: 0.6643  Has0_F1_score: 0.5303  Non0_acc_2: 0.6643  Non0_F1_score: 0.5303  Mult_acc_5: 0.4073  Mult_acc_7: 0.4073  MAE: 0.7430  Corr: 0.1718 
2025-09-05 22:45:08,121 - MMSA [INFO] - V: >>  Has0_acc_2: 0.5732  Has0_F1_score: 0.4177  Non0_acc_2: 0.5732  Non0_F1_score: 0.4177  Mult_acc_5: 0.5701  Mult_acc_7: 0.5701  MAE: 0.4930  Corr: 0.1431 
2025-09-05 22:45:08,710 - MMSA [INFO] - VAL-(tetfn_crt_ib) >> loss: 0.7785 
2025-09-05 22:45:08,714 - MMSA [INFO] - M: >>  Has0_acc_2: 0.8253  Has0_F1_score: 0.8267  Non0_acc_2: 0.8519  Non0_F1_score: 0.8522  Mult_acc_5: 0.5066  Mult_acc_7: 0.4017  MAE: 0.7737  Corr: 0.7859 
2025-09-05 22:45:13,734 - MMSA [INFO] - M: >>  Has0_acc_2: 0.9151  Has0_F1_score: 0.9155  Non0_acc_2: 0.9326  Non0_F1_score: 0.9327  Mult_acc_5: 0.6160  Mult_acc_7: 0.5732  MAE: 0.4628  Corr: 0.9206 
2025-09-05 22:45:13,738 - MMSA [INFO] - T: >>  Has0_acc_2: 0.9291  Has0_F1_score: 0.9291  Non0_acc_2: 0.9291  Non0_F1_score: 0.9291  Mult_acc_5: 0.6682  Mult_acc_7: 0.6036  MAE: 0.4852  Corr: 0.9268 
2025-09-05 22:45:13,742 - MMSA [INFO] - A: >>  Has0_acc_2: 0.6643  Has0_F1_score: 0.5303  Non0_acc_2: 0.6643  Non0_F1_score: 0.5303  Mult_acc_5: 0.4011  Mult_acc_7: 0.4011  MAE: 0.7431  Corr: 0.2293 
2025-09-05 22:45:13,750 - MMSA [INFO] - V: >>  Has0_acc_2: 0.5802  Has0_F1_score: 0.4261  Non0_acc_2: 0.5802  Non0_F1_score: 0.4261  Mult_acc_5: 0.6106  Mult_acc_7: 0.6106  MAE: 0.4480  Corr: 0.3247 
2025-09-05 22:45:14,340 - MMSA [INFO] - VAL-(tetfn_crt_ib) >> loss: 0.7865 
2025-09-05 22:45:14,344 - MMSA [INFO] - M: >>  Has0_acc_2: 0.8341  Has0_F1_score: 0.8348  Non0_acc_2: 0.8519  Non0_F1_score: 0.8519  Mult_acc_5: 0.4541  Mult_acc_7: 0.3581  MAE: 0.7914  Corr: 0.7865 
2025-09-05 22:45:19,518 - MMSA [INFO] - M: >>  Has0_acc_2: 0.9276  Has0_F1_score: 0.9277  Non0_acc_2: 0.9423  Non0_F1_score: 0.9423  Mult_acc_5: 0.6900  Mult_acc_7: 0.6417  MAE: 0.3925  Corr: 0.9397 
2025-09-05 22:45:19,522 - MMSA [INFO] - T: >>  Has0_acc_2: 0.9377  Has0_F1_score: 0.9374  Non0_acc_2: 0.9377  Non0_F1_score: 0.9374  Mult_acc_5: 0.7391  Mult_acc_7: 0.6433  MAE: 0.4188  Corr: 0.9494 
2025-09-05 22:45:19,527 - MMSA [INFO] - A: >>  Has0_acc_2: 0.6659  Has0_F1_score: 0.5323  Non0_acc_2: 0.6659  Non0_F1_score: 0.5323  Mult_acc_5: 0.3894  Mult_acc_7: 0.3894  MAE: 0.7408  Corr: 0.2303 
2025-09-05 22:45:19,531 - MMSA [INFO] - V: >>  Has0_acc_2: 0.5942  Has0_F1_score: 0.4430  Non0_acc_2: 0.5942  Non0_F1_score: 0.4430  Mult_acc_5: 0.6534  Mult_acc_7: 0.6534  MAE: 0.4166  Corr: 0.3941 
2025-09-05 22:45:20,116 - MMSA [INFO] - VAL-(tetfn_crt_ib) >> loss: 0.7804 
2025-09-05 22:45:20,120 - MMSA [INFO] - M: >>  Has0_acc_2: 0.7948  Has0_F1_score: 0.7966  Non0_acc_2: 0.8241  Non0_F1_score: 0.8247  Mult_acc_5: 0.4978  Mult_acc_7: 0.3843  MAE: 0.7759  Corr: 0.7860 
2025-09-05 22:45:25,100 - MMSA [INFO] - M: >>  Has0_acc_2: 0.9338  Has0_F1_score: 0.9340  Non0_acc_2: 0.9488  Non0_F1_score: 0.9488  Mult_acc_5: 0.7181  Mult_acc_7: 0.6620  MAE: 0.3627  Corr: 0.9484 
2025-09-05 22:45:25,104 - MMSA [INFO] - T: >>  Has0_acc_2: 0.9393  Has0_F1_score: 0.9391  Non0_acc_2: 0.9393  Non0_F1_score: 0.9391  Mult_acc_5: 0.7664  Mult_acc_7: 0.5942  MAE: 0.3830  Corr: 0.9581 
2025-09-05 22:45:25,108 - MMSA [INFO] - A: >>  Has0_acc_2: 0.6612  Has0_F1_score: 0.5264  Non0_acc_2: 0.6612  Non0_F1_score: 0.5264  Mult_acc_5: 0.3824  Mult_acc_7: 0.3824  MAE: 0.7296  Corr: 0.2934 
2025-09-05 22:45:25,112 - MMSA [INFO] - V: >>  Has0_acc_2: 0.5919  Has0_F1_score: 0.4402  Non0_acc_2: 0.5919  Non0_F1_score: 0.4402  Mult_acc_5: 0.6721  Mult_acc_7: 0.6721  MAE: 0.4055  Corr: 0.4469 
2025-09-05 22:45:25,688 - MMSA [INFO] - VAL-(tetfn_crt_ib) >> loss: 0.7913 
2025-09-05 22:45:25,691 - MMSA [INFO] - M: >>  Has0_acc_2: 0.8341  Has0_F1_score: 0.8346  Non0_acc_2: 0.8565  Non0_F1_score: 0.8561  Mult_acc_5: 0.5590  Mult_acc_7: 0.4367  MAE: 0.7889  Corr: 0.7837 
2025-09-05 22:45:30,997 - MMSA [INFO] - M: >>  Has0_acc_2: 0.9346  Has0_F1_score: 0.9347  Non0_acc_2: 0.9513  Non0_F1_score: 0.9512  Mult_acc_5: 0.7079  Mult_acc_7: 0.6534  MAE: 0.3615  Corr: 0.9482 
2025-09-05 22:45:31,000 - MMSA [INFO] - T: >>  Has0_acc_2: 0.9346  Has0_F1_score: 0.9343  Non0_acc_2: 0.9346  Non0_F1_score: 0.9343  Mult_acc_5: 0.7780  Mult_acc_7: 0.5935  MAE: 0.3683  Corr: 0.9617 
2025-09-05 22:45:31,004 - MMSA [INFO] - A: >>  Has0_acc_2: 0.6628  Has0_F1_score: 0.5284  Non0_acc_2: 0.6628  Non0_F1_score: 0.5284  Mult_acc_5: 0.3715  Mult_acc_7: 0.3715  MAE: 0.7276  Corr: 0.4197 
2025-09-05 22:45:31,008 - MMSA [INFO] - V: >>  Has0_acc_2: 0.5919  Has0_F1_score: 0.4402  Non0_acc_2: 0.5919  Non0_F1_score: 0.4402  Mult_acc_5: 0.6721  Mult_acc_7: 0.6721  MAE: 0.4134  Corr: 0.4545 
2025-09-05 22:45:37,585 - MMSA [INFO] - VAL-(tetfn_crt_ib) >> loss: 0.7327 
2025-09-05 22:45:37,588 - MMSA [INFO] - M: >>  Has0_acc_2: 0.8079  Has0_F1_score: 0.8093  Non0_acc_2: 0.8380  Non0_F1_score: 0.8383  Mult_acc_5: 0.5022  Mult_acc_7: 0.3843  MAE: 0.7443  Corr: 0.8029 
2025-09-05 22:45:38,564 - MMSA [INFO] - M: >>  Has0_acc_2: 0.9400  Has0_F1_score: 0.9402  Non0_acc_2: 0.9594  Non0_F1_score: 0.9594  Mult_acc_5: 0.7243  Mult_acc_7: 0.6628  MAE: 0.3347  Corr: 0.9575 
2025-09-05 22:45:38,568 - MMSA [INFO] - T: >>  Has0_acc_2: 0.9393  Has0_F1_score: 0.9390  Non0_acc_2: 0.9393  Non0_F1_score: 0.9390  Mult_acc_5: 0.7796  Mult_acc_7: 0.6067  MAE: 0.3549  Corr: 0.9666 
2025-09-05 22:45:38,573 - MMSA [INFO] - A: >>  Has0_acc_2: 0.6573  Has0_F1_score: 0.5214  Non0_acc_2: 0.6573  Non0_F1_score: 0.5214  Mult_acc_5: 0.3536  Mult_acc_7: 0.3536  MAE: 0.7388  Corr: 0.5431 
2025-09-05 22:45:38,578 - MMSA [INFO] - V: >>  Has0_acc_2: 0.5755  Has0_F1_score: 0.4205  Non0_acc_2: 0.5755  Non0_F1_score: 0.4205  Mult_acc_5: 0.6269  Mult_acc_7: 0.6269  MAE: 0.4549  Corr: 0.5959 
2025-09-05 22:45:39,223 - MMSA [INFO] - VAL-(tetfn_crt_ib) >> loss: 0.7262 
2025-09-05 22:45:39,226 - MMSA [INFO] - M: >>  Has0_acc_2: 0.8210  Has0_F1_score: 0.8223  Non0_acc_2: 0.8472  Non0_F1_score: 0.8475  Mult_acc_5: 0.5022  Mult_acc_7: 0.4017  MAE: 0.7414  Corr: 0.7999 
2025-09-05 22:45:46,512 - MMSA [INFO] - M: >>  Has0_acc_2: 0.9424  Has0_F1_score: 0.9426  Non0_acc_2: 0.9675  Non0_F1_score: 0.9675  Mult_acc_5: 0.7702  Mult_acc_7: 0.7157  MAE: 0.3003  Corr: 0.9660 
2025-09-05 22:45:46,517 - MMSA [INFO] - T: >>  Has0_acc_2: 0.9509  Has0_F1_score: 0.9508  Non0_acc_2: 0.9509  Non0_F1_score: 0.9508  Mult_acc_5: 0.8232  Mult_acc_7: 0.6464  MAE: 0.3085  Corr: 0.9742 
2025-09-05 22:45:46,522 - MMSA [INFO] - A: >>  Has0_acc_2: 0.6674  Has0_F1_score: 0.5343  Non0_acc_2: 0.6674  Non0_F1_score: 0.5343  Mult_acc_5: 0.3287  Mult_acc_7: 0.3287  MAE: 0.7602  Corr: 0.6266 
2025-09-05 22:45:46,526 - MMSA [INFO] - V: >>  Has0_acc_2: 0.5685  Has0_F1_score: 0.4121  Non0_acc_2: 0.5685  Non0_F1_score: 0.4121  Mult_acc_5: 0.5444  Mult_acc_7: 0.5444  MAE: 0.5288  Corr: 0.6592 
2025-09-05 22:45:47,150 - MMSA [INFO] - VAL-(tetfn_crt_ib) >> loss: 0.7445 
2025-09-05 22:45:47,154 - MMSA [INFO] - M: >>  Has0_acc_2: 0.8210  Has0_F1_score: 0.8211  Non0_acc_2: 0.8426  Non0_F1_score: 0.8418  Mult_acc_5: 0.5066  Mult_acc_7: 0.3974  MAE: 0.7473  Corr: 0.7967 
2025-09-05 22:45:52,398 - MMSA [INFO] - M: >>  Has0_acc_2: 0.9463  Has0_F1_score: 0.9464  Non0_acc_2: 0.9602  Non0_F1_score: 0.9602  Mult_acc_5: 0.8014  Mult_acc_7: 0.7453  MAE: 0.2699  Corr: 0.9718 
2025-09-05 22:45:52,408 - MMSA [INFO] - T: >>  Has0_acc_2: 0.9548  Has0_F1_score: 0.9547  Non0_acc_2: 0.9548  Non0_F1_score: 0.9547  Mult_acc_5: 0.8310  Mult_acc_7: 0.6916  MAE: 0.2796  Corr: 0.9786 
2025-09-05 22:45:52,412 - MMSA [INFO] - A: >>  Has0_acc_2: 0.6636  Has0_F1_score: 0.5293  Non0_acc_2: 0.6636  Non0_F1_score: 0.5293  Mult_acc_5: 0.4790  Mult_acc_7: 0.4790  MAE: 0.7900  Corr: 0.6415 
2025-09-05 22:45:52,416 - MMSA [INFO] - V: >>  Has0_acc_2: 0.5670  Has0_F1_score: 0.4103  Non0_acc_2: 0.5670  Non0_F1_score: 0.4103  Mult_acc_5: 0.4463  Mult_acc_7: 0.4463  MAE: 0.6226  Corr: 0.6754 
2025-09-05 22:45:53,011 - MMSA [INFO] - VAL-(tetfn_crt_ib) >> loss: 0.7294 
2025-09-05 22:45:53,014 - MMSA [INFO] - M: >>  Has0_acc_2: 0.8166  Has0_F1_score: 0.8178  Non0_acc_2: 0.8426  Non0_F1_score: 0.8428  Mult_acc_5: 0.5415  Mult_acc_7: 0.4236  MAE: 0.7136  Corr: 0.8026 
2025-09-05 22:45:58,286 - MMSA [INFO] - M: >>  Has0_acc_2: 0.9517  Has0_F1_score: 0.9518  Non0_acc_2: 0.9683  Non0_F1_score: 0.9683  Mult_acc_5: 0.8178  Mult_acc_7: 0.7601  MAE: 0.2451  Corr: 0.9766 
2025-09-05 22:45:58,290 - MMSA [INFO] - T: >>  Has0_acc_2: 0.9587  Has0_F1_score: 0.9587  Non0_acc_2: 0.9587  Non0_F1_score: 0.9587  Mult_acc_5: 0.8364  Mult_acc_7: 0.7352  MAE: 0.2619  Corr: 0.9820 
2025-09-05 22:45:58,296 - MMSA [INFO] - A: >>  Has0_acc_2: 0.6628  Has0_F1_score: 0.5284  Non0_acc_2: 0.6628  Non0_F1_score: 0.5284  Mult_acc_5: 0.4891  Mult_acc_7: 0.4891  MAE: 0.7943  Corr: 0.6991 
2025-09-05 22:45:58,300 - MMSA [INFO] - V: >>  Has0_acc_2: 0.5623  Has0_F1_score: 0.4048  Non0_acc_2: 0.5623  Non0_F1_score: 0.4048  Mult_acc_5: 0.3801  Mult_acc_7: 0.3801  MAE: 0.7104  Corr: 0.6913 
2025-09-05 22:45:58,925 - MMSA [INFO] - VAL-(tetfn_crt_ib) >> loss: 0.6925 
2025-09-05 22:45:58,929 - MMSA [INFO] - M: >>  Has0_acc_2: 0.8384  Has0_F1_score: 0.8383  Non0_acc_2: 0.8611  Non0_F1_score: 0.8601  Mult_acc_5: 0.5677  Mult_acc_7: 0.4585  MAE: 0.7037  Corr: 0.8022 
2025-09-05 22:46:12,839 - MMSA [INFO] - M: >>  Has0_acc_2: 0.9416  Has0_F1_score: 0.9418  Non0_acc_2: 0.9659  Non0_F1_score: 0.9659  Mult_acc_5: 0.7921  Mult_acc_7: 0.7368  MAE: 0.2557  Corr: 0.9755 
2025-09-05 22:46:12,844 - MMSA [INFO] - T: >>  Has0_acc_2: 0.9579  Has0_F1_score: 0.9578  Non0_acc_2: 0.9579  Non0_F1_score: 0.9578  Mult_acc_5: 0.8427  Mult_acc_7: 0.7469  MAE: 0.2568  Corr: 0.9814 
2025-09-05 22:46:12,850 - MMSA [INFO] - A: >>  Has0_acc_2: 0.6589  Has0_F1_score: 0.5234  Non0_acc_2: 0.6589  Non0_F1_score: 0.5234  Mult_acc_5: 0.4369  Mult_acc_7: 0.4369  MAE: 0.7892  Corr: 0.7118 
2025-09-05 22:46:12,854 - MMSA [INFO] - V: >>  Has0_acc_2: 0.6083  Has0_F1_score: 0.5086  Non0_acc_2: 0.6083  Non0_F1_score: 0.5086  Mult_acc_5: 0.3372  Mult_acc_7: 0.3372  MAE: 0.7686  Corr: 0.6856 
2025-09-05 22:46:13,446 - MMSA [INFO] - VAL-(tetfn_crt_ib) >> loss: 0.7232 
2025-09-05 22:46:13,450 - MMSA [INFO] - M: >>  Has0_acc_2: 0.8253  Has0_F1_score: 0.8263  Non0_acc_2: 0.8565  Non0_F1_score: 0.8564  Mult_acc_5: 0.5328  Mult_acc_7: 0.4192  MAE: 0.7177  Corr: 0.8032 
2025-09-05 22:46:19,191 - MMSA [INFO] - M: >>  Has0_acc_2: 0.9595  Has0_F1_score: 0.9595  Non0_acc_2: 0.9756  Non0_F1_score: 0.9756  Mult_acc_5: 0.8185  Mult_acc_7: 0.7656  MAE: 0.2428  Corr: 0.9781 
2025-09-05 22:46:19,194 - MMSA [INFO] - T: >>  Has0_acc_2: 0.9650  Has0_F1_score: 0.9649  Non0_acc_2: 0.9650  Non0_F1_score: 0.9649  Mult_acc_5: 0.8364  Mult_acc_7: 0.7523  MAE: 0.2425  Corr: 0.9848 
2025-09-05 22:46:19,198 - MMSA [INFO] - A: >>  Has0_acc_2: 0.6449  Has0_F1_score: 0.5056  Non0_acc_2: 0.6449  Non0_F1_score: 0.5056  Mult_acc_5: 0.4431  Mult_acc_7: 0.4431  MAE: 0.7686  Corr: 0.7157 
2025-09-05 22:46:19,202 - MMSA [INFO] - V: >>  Has0_acc_2: 0.8294  Has0_F1_score: 0.8240  Non0_acc_2: 0.8294  Non0_F1_score: 0.8240  Mult_acc_5: 0.3100  Mult_acc_7: 0.3100  MAE: 0.7746  Corr: 0.7080 
2025-09-05 22:46:19,780 - MMSA [INFO] - VAL-(tetfn_crt_ib) >> loss: 0.7220 
2025-09-05 22:46:19,784 - MMSA [INFO] - M: >>  Has0_acc_2: 0.8166  Has0_F1_score: 0.8180  Non0_acc_2: 0.8472  Non0_F1_score: 0.8475  Mult_acc_5: 0.5371  Mult_acc_7: 0.4192  MAE: 0.7217  Corr: 0.8037 
2025-09-05 22:46:25,373 - MMSA [INFO] - M: >>  Has0_acc_2: 0.9533  Has0_F1_score: 0.9534  Non0_acc_2: 0.9724  Non0_F1_score: 0.9724  Mult_acc_5: 0.8146  Mult_acc_7: 0.7617  MAE: 0.2286  Corr: 0.9801 
2025-09-05 22:46:25,377 - MMSA [INFO] - T: >>  Has0_acc_2: 0.9626  Has0_F1_score: 0.9625  Non0_acc_2: 0.9626  Non0_F1_score: 0.9625  Mult_acc_5: 0.8466  Mult_acc_7: 0.7835  MAE: 0.2247  Corr: 0.9861 
2025-09-05 22:46:25,380 - MMSA [INFO] - A: >>  Has0_acc_2: 0.6659  Has0_F1_score: 0.5610  Non0_acc_2: 0.6659  Non0_F1_score: 0.5610  Mult_acc_5: 0.4470  Mult_acc_7: 0.4470  MAE: 0.7364  Corr: 0.7263 
2025-09-05 22:46:25,385 - MMSA [INFO] - V: >>  Has0_acc_2: 0.9182  Has0_F1_score: 0.9178  Non0_acc_2: 0.9182  Non0_F1_score: 0.9178  Mult_acc_5: 0.2905  Mult_acc_7: 0.2905  MAE: 0.7578  Corr: 0.7499 
2025-09-05 22:46:25,976 - MMSA [INFO] - VAL-(tetfn_crt_ib) >> loss: 0.7296 
2025-09-05 22:46:25,981 - MMSA [INFO] - M: >>  Has0_acc_2: 0.8210  Has0_F1_score: 0.8211  Non0_acc_2: 0.8472  Non0_F1_score: 0.8463  Mult_acc_5: 0.5546  Mult_acc_7: 0.4367  MAE: 0.7241  Corr: 0.7960 
2025-09-05 22:46:23,437 - MMSA [INFO] - M: >>  Has0_acc_2: 0.9579  Has0_F1_score: 0.9580  Non0_acc_2: 0.9748  Non0_F1_score: 0.9748  Mult_acc_5: 0.8302  Mult_acc_7: 0.7812  MAE: 0.2228  Corr: 0.9812 
2025-09-05 22:46:23,441 - MMSA [INFO] - T: >>  Has0_acc_2: 0.9603  Has0_F1_score: 0.9602  Non0_acc_2: 0.9603  Non0_F1_score: 0.9602  Mult_acc_5: 0.8621  Mult_acc_7: 0.7998  MAE: 0.2132  Corr: 0.9878 
2025-09-05 22:46:23,445 - MMSA [INFO] - A: >>  Has0_acc_2: 0.8185  Has0_F1_score: 0.8052  Non0_acc_2: 0.8185  Non0_F1_score: 0.8052  Mult_acc_5: 0.3388  Mult_acc_7: 0.3388  MAE: 0.7038  Corr: 0.7724 
2025-09-05 22:46:23,450 - MMSA [INFO] - V: >>  Has0_acc_2: 0.9299  Has0_F1_score: 0.9301  Non0_acc_2: 0.9299  Non0_F1_score: 0.9301  Mult_acc_5: 0.2975  Mult_acc_7: 0.2975  MAE: 0.7787  Corr: 0.7950 
2025-09-05 22:46:24,067 - MMSA [INFO] - VAL-(tetfn_crt_ib) >> loss: 0.7312 
2025-09-05 22:46:24,071 - MMSA [INFO] - M: >>  Has0_acc_2: 0.8253  Has0_F1_score: 0.8263  Non0_acc_2: 0.8519  Non0_F1_score: 0.8519  Mult_acc_5: 0.5328  Mult_acc_7: 0.4236  MAE: 0.7234  Corr: 0.7992 
2025-09-05 22:46:29,269 - MMSA [INFO] - M: >>  Has0_acc_2: 0.9634  Has0_F1_score: 0.9635  Non0_acc_2: 0.9813  Non0_F1_score: 0.9813  Mult_acc_5: 0.8341  Mult_acc_7: 0.7788  MAE: 0.2154  Corr: 0.9822 
2025-09-05 22:46:29,273 - MMSA [INFO] - T: >>  Has0_acc_2: 0.9572  Has0_F1_score: 0.9571  Non0_acc_2: 0.9572  Non0_F1_score: 0.9571  Mult_acc_5: 0.8769  Mult_acc_7: 0.8154  MAE: 0.2081  Corr: 0.9883 
2025-09-05 22:46:29,278 - MMSA [INFO] - A: >>  Has0_acc_2: 0.9058  Has0_F1_score: 0.9049  Non0_acc_2: 0.9058  Non0_F1_score: 0.9049  Mult_acc_5: 0.3271  Mult_acc_7: 0.3271  MAE: 0.6622  Corr: 0.7856 
2025-09-05 22:46:29,283 - MMSA [INFO] - V: >>  Has0_acc_2: 0.9447  Has0_F1_score: 0.9447  Non0_acc_2: 0.9447  Non0_F1_score: 0.9447  Mult_acc_5: 0.3076  Mult_acc_7: 0.3076  MAE: 0.7767  Corr: 0.8213 
2025-09-05 22:46:29,910 - MMSA [INFO] - VAL-(tetfn_crt_ib) >> loss: 0.7464 
2025-09-05 22:46:29,914 - MMSA [INFO] - M: >>  Has0_acc_2: 0.8341  Has0_F1_score: 0.8348  Non0_acc_2: 0.8611  Non0_F1_score: 0.8609  Mult_acc_5: 0.5459  Mult_acc_7: 0.4236  MAE: 0.7131  Corr: 0.8006 
2025-09-05 22:46:35,053 - MMSA [INFO] - M: >>  Has0_acc_2: 0.9642  Has0_F1_score: 0.9642  Non0_acc_2: 0.9789  Non0_F1_score: 0.9789  Mult_acc_5: 0.8271  Mult_acc_7: 0.7773  MAE: 0.2280  Corr: 0.9810 
2025-09-05 22:46:35,056 - MMSA [INFO] - T: >>  Has0_acc_2: 0.9564  Has0_F1_score: 0.9563  Non0_acc_2: 0.9564  Non0_F1_score: 0.9563  Mult_acc_5: 0.8629  Mult_acc_7: 0.7983  MAE: 0.2115  Corr: 0.9887 
2025-09-05 22:46:35,060 - MMSA [INFO] - A: >>  Has0_acc_2: 0.9120  Has0_F1_score: 0.9109  Non0_acc_2: 0.9120  Non0_F1_score: 0.9109  Mult_acc_5: 0.3637  Mult_acc_7: 0.3536  MAE: 0.6161  Corr: 0.8190 
2025-09-05 22:46:35,065 - MMSA [INFO] - V: >>  Has0_acc_2: 0.9587  Has0_F1_score: 0.9587  Non0_acc_2: 0.9587  Non0_F1_score: 0.9587  Mult_acc_5: 0.4245  Mult_acc_7: 0.4245  MAE: 0.7473  Corr: 0.8275 
2025-09-05 22:46:35,652 - MMSA [INFO] - VAL-(tetfn_crt_ib) >> loss: 0.7095 
2025-09-05 22:46:35,656 - MMSA [INFO] - M: >>  Has0_acc_2: 0.8166  Has0_F1_score: 0.8177  Non0_acc_2: 0.8472  Non0_F1_score: 0.8471  Mult_acc_5: 0.5328  Mult_acc_7: 0.4192  MAE: 0.7186  Corr: 0.8017 
2025-09-05 22:46:40,806 - MMSA [INFO] - M: >>  Has0_acc_2: 0.9579  Has0_F1_score: 0.9580  Non0_acc_2: 0.9732  Non0_F1_score: 0.9732  Mult_acc_5: 0.8310  Mult_acc_7: 0.7812  MAE: 0.2120  Corr: 0.9840 
2025-09-05 22:46:40,810 - MMSA [INFO] - T: >>  Has0_acc_2: 0.9603  Has0_F1_score: 0.9602  Non0_acc_2: 0.9603  Non0_F1_score: 0.9602  Mult_acc_5: 0.8754  Mult_acc_7: 0.8263  MAE: 0.2046  Corr: 0.9889 
2025-09-05 22:46:40,814 - MMSA [INFO] - A: >>  Has0_acc_2: 0.9299  Has0_F1_score: 0.9294  Non0_acc_2: 0.9299  Non0_F1_score: 0.9294  Mult_acc_5: 0.4611  Mult_acc_7: 0.4416  MAE: 0.5827  Corr: 0.8368 
2025-09-05 22:46:40,819 - MMSA [INFO] - V: >>  Has0_acc_2: 0.9540  Has0_F1_score: 0.9540  Non0_acc_2: 0.9540  Non0_F1_score: 0.9540  Mult_acc_5: 0.4424  Mult_acc_7: 0.4424  MAE: 0.6814  Corr: 0.8216 
2025-09-05 22:46:47,512 - MMSA [INFO] - VAL-(tetfn_crt_ib) >> loss: 0.7286 
2025-09-05 22:46:47,516 - MMSA [INFO] - M: >>  Has0_acc_2: 0.8079  Has0_F1_score: 0.8096  Non0_acc_2: 0.8380  Non0_F1_score: 0.8386  Mult_acc_5: 0.5197  Mult_acc_7: 0.3886  MAE: 0.7281  Corr: 0.7999 
2025-09-05 22:46:52,650 - MMSA [INFO] - M: >>  Has0_acc_2: 0.9579  Has0_F1_score: 0.9581  Non0_acc_2: 0.9805  Non0_F1_score: 0.9805  Mult_acc_5: 0.8193  Mult_acc_7: 0.7648  MAE: 0.2194  Corr: 0.9824 
2025-09-05 22:46:52,654 - MMSA [INFO] - T: >>  Has0_acc_2: 0.9618  Has0_F1_score: 0.9618  Non0_acc_2: 0.9618  Non0_F1_score: 0.9618  Mult_acc_5: 0.8723  Mult_acc_7: 0.8271  MAE: 0.1991  Corr: 0.9894 
2025-09-05 22:46:52,658 - MMSA [INFO] - A: >>  Has0_acc_2: 0.9338  Has0_F1_score: 0.9333  Non0_acc_2: 0.9338  Non0_F1_score: 0.9333  Mult_acc_5: 0.5132  Mult_acc_7: 0.4751  MAE: 0.5739  Corr: 0.8509 
2025-09-05 22:46:52,663 - MMSA [INFO] - V: >>  Has0_acc_2: 0.9455  Has0_F1_score: 0.9455  Non0_acc_2: 0.9455  Non0_F1_score: 0.9455  Mult_acc_5: 0.4564  Mult_acc_7: 0.4564  MAE: 0.5969  Corr: 0.8231 
2025-09-05 22:46:46,631 - MMSA [INFO] - VAL-(tetfn_crt_ib) >> loss: 0.7176 
2025-09-05 22:46:46,635 - MMSA [INFO] - M: >>  Has0_acc_2: 0.8428  Has0_F1_score: 0.8425  Non0_acc_2: 0.8611  Non0_F1_score: 0.8601  Mult_acc_5: 0.5284  Mult_acc_7: 0.4105  MAE: 0.7080  Corr: 0.8071 
2025-09-05 22:46:51,824 - MMSA [INFO] - M: >>  Has0_acc_2: 0.9681  Has0_F1_score: 0.9681  Non0_acc_2: 0.9829  Non0_F1_score: 0.9829  Mult_acc_5: 0.8614  Mult_acc_7: 0.8092  MAE: 0.1918  Corr: 0.9867 
2025-09-05 22:46:51,828 - MMSA [INFO] - T: >>  Has0_acc_2: 0.9618  Has0_F1_score: 0.9617  Non0_acc_2: 0.9618  Non0_F1_score: 0.9617  Mult_acc_5: 0.8801  Mult_acc_7: 0.8349  MAE: 0.1909  Corr: 0.9907 
2025-09-05 22:46:51,833 - MMSA [INFO] - A: >>  Has0_acc_2: 0.9361  Has0_F1_score: 0.9357  Non0_acc_2: 0.9361  Non0_F1_score: 0.9357  Mult_acc_5: 0.5545  Mult_acc_7: 0.4992  MAE: 0.5616  Corr: 0.8647 
2025-09-05 22:46:51,836 - MMSA [INFO] - V: >>  Has0_acc_2: 0.9128  Has0_F1_score: 0.9130  Non0_acc_2: 0.9128  Non0_F1_score: 0.9130  Mult_acc_5: 0.4307  Mult_acc_7: 0.4291  MAE: 0.6483  Corr: 0.7660 
2025-09-05 22:46:52,439 - MMSA [INFO] - VAL-(tetfn_crt_ib) >> loss: 0.7030 
2025-09-05 22:46:52,443 - MMSA [INFO] - M: >>  Has0_acc_2: 0.8210  Has0_F1_score: 0.8221  Non0_acc_2: 0.8472  Non0_F1_score: 0.8473  Mult_acc_5: 0.5371  Mult_acc_7: 0.4323  MAE: 0.7083  Corr: 0.8020 
2025-09-05 22:47:04,331 - MMSA [INFO] - M: >>  Has0_acc_2: 0.9611  Has0_F1_score: 0.9612  Non0_acc_2: 0.9838  Non0_F1_score: 0.9838  Mult_acc_5: 0.8528  Mult_acc_7: 0.8014  MAE: 0.1867  Corr: 0.9875 
2025-09-05 22:47:04,336 - MMSA [INFO] - T: >>  Has0_acc_2: 0.9634  Has0_F1_score: 0.9633  Non0_acc_2: 0.9634  Non0_F1_score: 0.9633  Mult_acc_5: 0.9042  Mult_acc_7: 0.8614  MAE: 0.1752  Corr: 0.9915 
2025-09-05 22:47:04,340 - MMSA [INFO] - A: >>  Has0_acc_2: 0.9494  Has0_F1_score: 0.9492  Non0_acc_2: 0.9494  Non0_F1_score: 0.9492  Mult_acc_5: 0.6090  Mult_acc_7: 0.5397  MAE: 0.5521  Corr: 0.8729 
2025-09-05 22:47:04,344 - MMSA [INFO] - V: >>  Has0_acc_2: 0.8972  Has0_F1_score: 0.8973  Non0_acc_2: 0.8972  Non0_F1_score: 0.8973  Mult_acc_5: 0.3146  Mult_acc_7: 0.3131  MAE: 0.7649  Corr: 0.6904 
2025-09-05 22:47:04,970 - MMSA [INFO] - VAL-(tetfn_crt_ib) >> loss: 0.6958 
2025-09-05 22:47:04,974 - MMSA [INFO] - M: >>  Has0_acc_2: 0.8210  Has0_F1_score: 0.8214  Non0_acc_2: 0.8472  Non0_F1_score: 0.8466  Mult_acc_5: 0.5153  Mult_acc_7: 0.4105  MAE: 0.7035  Corr: 0.8055 
2025-09-05 22:47:08,311 - MMSA [INFO] - TEST-(tetfn_crt_ib) >> loss: 0.7686 
2025-09-05 22:47:08,316 - MMSA [INFO] - M: >>  Has0_acc_2: 0.8178  Has0_F1_score: 0.8182  Non0_acc_2: 0.8293  Non0_F1_score: 0.8302  Mult_acc_5: 0.4825  Mult_acc_7: 0.4242  MAE: 0.7706  Corr: 0.7862 
2025-09-05 22:47:09,535 - MMSA [INFO] - Result for seed 1111: {'Has0_acc_2': 0.8178, 'Has0_F1_score': 0.8182, 'Non0_acc_2': 0.8293, 'Non0_F1_score': 0.8302, 'Mult_acc_5': np.float64(0.4825), 'Mult_acc_7': np.float64(0.4242), 'MAE': np.float64(0.7706), 'Corr': np.float64(0.7862), 'Loss': 0.7686}
2025-09-05 22:47:09,557 - MMSA [INFO] - Results saved to results/normal/mosi.csv.
